mode: set
github.com/wordgate/qtoolkit/chatwoot/chatwoot.go:81.45,88.24 2 1
github.com/wordgate/qtoolkit/chatwoot/chatwoot.go:88.24,90.3 1 1
github.com/wordgate/qtoolkit/chatwoot/chatwoot.go:91.2,91.17 1 0
github.com/wordgate/qtoolkit/chatwoot/chatwoot.go:94.19,102.16 5 1
github.com/wordgate/qtoolkit/chatwoot/chatwoot.go:102.16,104.17 2 1
github.com/wordgate/qtoolkit/chatwoot/chatwoot.go:104.17,107.4 2 1
github.com/wordgate/qtoolkit/chatwoot/chatwoot.go:108.3,111.21 4 0
github.com/wordgate/qtoolkit/chatwoot/chatwoot.go:114.2,116.20 3 1
github.com/wordgate/qtoolkit/chatwoot/chatwoot.go:119.26,121.2 1 1
github.com/wordgate/qtoolkit/chatwoot/chatwoot.go:123.26,128.2 4 1
github.com/wordgate/qtoolkit/chatwoot/chatwoot.go:131.29,137.2 5 1
github.com/wordgate/qtoolkit/chatwoot/chatwoot.go:139.19,145.2 5 1
github.com/wordgate/qtoolkit/chatwoot/chatwoot.go:148.72,150.16 2 1
github.com/wordgate/qtoolkit/chatwoot/chatwoot.go:150.16,152.3 1 1
github.com/wordgate/qtoolkit/chatwoot/chatwoot.go:154.2,162.16 4 1
github.com/wordgate/qtoolkit/chatwoot/chatwoot.go:162.16,164.3 1 0
github.com/wordgate/qtoolkit/chatwoot/chatwoot.go:166.2,167.16 2 1
github.com/wordgate/qtoolkit/chatwoot/chatwoot.go:167.16,169.3 1 0
github.com/wordgate/qtoolkit/chatwoot/chatwoot.go:170.2,174.16 4 1
github.com/wordgate/qtoolkit/chatwoot/chatwoot.go:174.16,176.3 1 0
github.com/wordgate/qtoolkit/chatwoot/chatwoot.go:177.2,179.28 2 1
github.com/wordgate/qtoolkit/chatwoot/chatwoot.go:179.28,182.3 2 1
github.com/wordgate/qtoolkit/chatwoot/chatwoot.go:184.2,184.12 1 1
github.com/wordgate/qtoolkit/chatwoot/chatwoot.go:216.47,218.50 2 1
github.com/wordgate/qtoolkit/chatwoot/chatwoot.go:218.50,220.3 1 1
github.com/wordgate/qtoolkit/chatwoot/chatwoot.go:222.2,223.19 2 1
github.com/wordgate/qtoolkit/chatwoot/chatwoot.go:223.19,225.3 1 0
github.com/wordgate/qtoolkit/chatwoot/chatwoot.go:227.2,228.35 2 1
github.com/wordgate/qtoolkit/chatwoot/chatwoot.go:228.35,235.3 1 1
github.com/wordgate/qtoolkit/chatwoot/chatwoot.go:237.2,251.8 1 1
github.com/wordgate/qtoolkit/chatwoot/chatwoot.go:254.72,259.2 4 1
github.com/wordgate/qtoolkit/chatwoot/chatwoot.go:265.62,266.35 1 1
github.com/wordgate/qtoolkit/chatwoot/chatwoot.go:266.35,268.3 1 0
github.com/wordgate/qtoolkit/chatwoot/chatwoot.go:270.2,270.36 1 1
github.com/wordgate/qtoolkit/chatwoot/chatwoot.go:270.36,272.17 2 1
github.com/wordgate/qtoolkit/chatwoot/chatwoot.go:272.17,275.4 2 0
github.com/wordgate/qtoolkit/chatwoot/chatwoot.go:278.3,279.43 2 1
github.com/wordgate/qtoolkit/chatwoot/chatwoot.go:279.43,281.59 2 1
github.com/wordgate/qtoolkit/chatwoot/chatwoot.go:281.59,284.5 2 1
github.com/wordgate/qtoolkit/chatwoot/chatwoot.go:287.3,288.17 2 1
github.com/wordgate/qtoolkit/chatwoot/chatwoot.go:288.17,291.4 2 0
github.com/wordgate/qtoolkit/chatwoot/chatwoot.go:294.3,296.13 2 1
github.com/wordgate/qtoolkit/chatwoot/chatwoot.go:296.13,297.17 1 1
github.com/wordgate/qtoolkit/chatwoot/chatwoot.go:297.17,298.33 1 1
github.com/wordgate/qtoolkit/chatwoot/chatwoot.go:298.33,300.6 1 0
github.com/wordgate/qtoolkit/chatwoot/chatwoot.go:303.4,306.23 3 1
